[H[J
Making mako_ak_defconfig
  HOSTCC  scripts/basic/fixdep
  HOSTCC  scripts/kconfig/conf.o
  HOSTCC  scripts/kconfig/zconf.tab.o
  HOSTLD  scripts/kconfig/conf
#
# configuration written to .config
#

LOCALVERSION=~AK.001
CROSS_COMPILE=/root/android/AK-linaro/4.8.1-2013.05.20130524/bin/arm-linux-gnueabihf-
ARCH=arm
INIT_DIR=/root/android/AK-mako-ramdisk/ramdisk-4.2.2
MODULES_DIR=/root/android/AK-mako-ramdisk/cwm/system/lib/modules
KERNEL_DIR=/root/android/AK-mako
OUTPUT_DIR=/root/android/AK-mako-ramdisk/zip
CWM_DIR=/root/android/AK-mako-ramdisk/cwm
ZIMAGE_DIR=/root/android/AK-mako/arch/arm/boot
CWM_MOVE=/home/anarkia1976/Desktop/AK-Kernel
RAM_DIR=/root/android/AK-mako-ramdisk

scripts/kconfig/conf --silentoldconfig Kconfig
  CHK     include/linux/version.h
  CHK     include/generated/utsrelease.h
  HOSTCC  scripts/genksyms/genksyms.o
make[1]: `include/generated/mach-types.h' is up to date.
  CC      kernel/bounds.s
  GEN     include/generated/bounds.h
  CC      arch/arm/kernel/asm-offsets.s
  GEN     include/generated/asm-offsets.h
  CALL    scripts/checksyscalls.sh
  CC      scripts/mod/empty.o
  HOSTCC  scripts/genksyms/lex.lex.o
  HOSTCC  scripts/mod/mk_elfconfig
  MKELF   scripts/mod/elfconfig.h
  HOSTCC  scripts/mod/file2alias.o
  HOSTCC  scripts/conmakehash
  HOSTCC  scripts/bin2c
  HOSTCC  scripts/genksyms/parse.tab.o
  HOSTCC  scripts/mod/modpost.o
  HOSTCC  scripts/mod/sumversion.o
  HOSTLD  scripts/genksyms/genksyms
  HOSTLD  scripts/mod/modpost
  HOSTCC  usr/gen_init_cpio
  CC      arch/arm/vfp/vfpmodule.o
  CC      init/main.o
  CC      arch/arm/kernel/elf.o
  GEN     usr/initramfs_data.cpio
  AS      usr/initramfs_data.o
  LD      usr/built-in.o
  CC      arch/arm/mm/dma-mapping.o
  AS      arch/arm/kernel/entry-armv.o
  AS      arch/arm/kernel/entry-common.o
  CC      arch/arm/kernel/irq.o
  AS      arch/arm/vfp/entry.o
  AS      arch/arm/vfp/vfphw.o
  CC      arch/arm/vfp/vfpsingle.o
  CC      arch/arm/kernel/opcodes.o
  CHK     include/generated/compile.h
  CC      init/do_mounts.o
  CC      arch/arm/kernel/process.o
  CC      arch/arm/vfp/vfpdouble.o
  CC      arch/arm/mm/extable.o
  CC      arch/arm/mm/fault.o
  CC      init/do_mounts_rd.o
  CC      arch/arm/kernel/ptrace.o
  LD      arch/arm/vfp/vfp.o
  LD      arch/arm/vfp/built-in.o
  CC      arch/arm/common/gic.o
  CC      arch/arm/mm/init.o
  CC      init/do_mounts_initrd.o
  CC      arch/arm/kernel/return_address.o
  CC      arch/arm/kernel/sched_clock.o
  CC      init/initramfs.o
  CC      arch/arm/common/cpaccess.o
  CC      arch/arm/kernel/setup.o
  CC      arch/arm/mm/iomap.o
  LD      arch/arm/common/built-in.o
  CC      arch/arm/mm/fault-armv.o
  CC      init/calibrate.o
  CC      init/version.o
  CC      arch/arm/mach-msm/io.o
  CC      arch/arm/mm/flush.o
  CC      arch/arm/kernel/signal.o
  LD      init/mounts.o
  LD      init/built-in.o
  CC      arch/arm/perfmon/perf-function-hooks.o
  CC      arch/arm/mach-msm/dma.o
  CC      arch/arm/mm/idmap.o
  CC      arch/arm/kernel/stacktrace.o
  LD      arch/arm/perfmon/built-in.o
  CC      kernel/fork.o
  CC      arch/arm/kernel/sys_arm.o
  CC      arch/arm/mm/ioremap.o
  CC      arch/arm/mach-msm/memory.o
  CC      arch/arm/kernel/time.o
  CC      arch/arm/mm/mmap.o
  CC      arch/arm/mach-msm/timer.o
  CC      arch/arm/kernel/traps.o
  CC      arch/arm/mm/pgd.o
  CC      arch/arm/mm/mmu.o
  CC      kernel/exec_domain.o
  CC      arch/arm/mach-msm/clock.o
  CC      arch/arm/kernel/cpuidle.o
  CC      arch/arm/kernel/armksyms.o
  CC      arch/arm/mach-msm/clock-voter.o
  CC      kernel/panic.o
  CC      arch/arm/kernel/module.o
  CC      arch/arm/mach-msm/clock-dummy.o
  CC      arch/arm/mm/vmregion.o
  CC      arch/arm/mach-msm/modem_notifier.o
  CC      kernel/printk.o
  AS      arch/arm/kernel/sleep.o
  CC      arch/arm/kernel/suspend.o
  CC      arch/arm/mm/proc-syms.o
  CC      arch/arm/mach-msm/subsystem_map.o
  CC      arch/arm/kernel/smp.o
  CC      arch/arm/mm/alignment.o
  CC      arch/arm/mach-msm/cpufreq.o
  CC      arch/arm/kernel/smp_tlb.o
  CC      arch/arm/mm/highmem.o
  CC      arch/arm/kernel/smp_scu.o
  CC      kernel/cpu.o
  CC      arch/arm/kernel/sys_oabi-compat.o
  AS      arch/arm/mm/cache-v7.o
  CC      arch/arm/mm/copypage-v6.o
  CC      arch/arm/mach-msm/clock-debug.o
  CC      arch/arm/mm/context.o
  CC      kernel/exit.o
  CC      arch/arm/kernel/unwind.o
  CC      arch/arm/mach-msm/acpuclock.o
  AS      arch/arm/mm/tlb-v7.o
  CC      arch/arm/mach-msm/acpuclock-krait.o
  AS      arch/arm/mm/proc-v7.o
  LD      arch/arm/mm/built-in.o
  CC      mm/filemap.o
  CC      arch/arm/kernel/swp_emulate.o
  CC      arch/arm/kernel/pmu.o
  CC      arch/arm/mach-msm/msm-krait-l2-accessors.o
  CC      arch/arm/mach-msm/pmu.o
  CC      arch/arm/kernel/perf_event.o
  CC      kernel/itimer.o
  CC      arch/arm/mach-msm/perf_event_msm_krait_l2.o
  CC      kernel/time.o
  CC      arch/arm/mach-msm/krait-scm.o
  CC      mm/mempool.o
  CC      arch/arm/mach-msm/platsmp.o
  CC      arch/arm/mach-msm/hotplug.o
  CC      kernel/softirq.o
  CC      arch/arm/kernel/topology.o
  CC      arch/arm/mach-msm/scm.o
  CC      mm/oom_kill.o
  CC      arch/arm/kernel/io.o
  AS      arch/arm/kernel/head.o
  CC      arch/arm/mach-msm/scm-boot.o
  CC      arch/arm/kernel/init_task.o
  CC      arch/arm/mach-msm/peripheral-loader.o
  CC      kernel/resource.o
  CC      mm/fadvise.o
  LD      arch/arm/kernel/built-in.o
  CC      fs/open.o
  CC      mm/maccess.o
  CC      arch/arm/mach-msm/scm-pas.o
  CC      mm/page_alloc.o
  CC      kernel/sysctl.o
  CC      arch/arm/mach-msm/pil-q6v4.o
  CC      fs/read_write.o
  CC      arch/arm/mach-msm/pil-riva.o
  CC      arch/arm/mach-msm/pil-tzapps.o
  CC      arch/arm/mach-msm/pil-vidc.o
  CC      kernel/sysctl_binary.o
  CC      arch/arm/mach-msm/pil-dsps.o
  CC      arch/arm/mach-msm/pil-gss.o
  CC      fs/file_table.o
  CC      kernel/capability.o
  CC      arch/arm/mach-msm/bam_dmux.o
  CC      fs/super.o
  CC      mm/page-writeback.o
  CC      kernel/ptrace.o
  CC      kernel/timer.o
  CC      fs/char_dev.o
  CC      arch/arm/mach-msm/smem_log.o
  CC      mm/readahead.o
  CC      fs/stat.o
  CC      kernel/user.o
  CC      fs/exec.o
  CC      mm/swap.o
  CC      kernel/signal.o
  CC      arch/arm/mach-msm/smd.o
  CC      mm/truncate.o
  CC      fs/pipe.o
  CC      mm/vmscan.o
  CC      kernel/sys.o
  CC      arch/arm/mach-msm/smd_debug.o
  CC      fs/namei.o
  CC      arch/arm/mach-msm/remote_spinlock.o
  CC      kernel/kmod.o
  CC      arch/arm/mach-msm/smd_private.o
  CC      arch/arm/mach-msm/socinfo.o
  CC      mm/shmem.o
  CC      kernel/workqueue.o
  CC      arch/arm/mach-msm/smd_tty.o
  CC      arch/arm/mach-msm/smd_qmi.o
  CC      fs/fcntl.o
  CC      arch/arm/mach-msm/smd_pkt.o
  CC      mm/prio_tree.o
  CC      mm/util.o
  CC      fs/ioctl.o
  CC      kernel/pid.o
  CC      mm/mmzone.o
  CC      arch/arm/mach-msm/msm_dsps.o
  CC      mm/vmstat.o
  CC      fs/readdir.o
  CC      arch/arm/mach-msm/smd_nmea.o
  CC      kernel/rcupdate.o
  CC      fs/select.o
  CC      kernel/extable.o
  CC      arch/arm/mach-msm/ipc_router_smd_xprt.o
  CC      mm/backing-dev.o
  CC      kernel/params.o
  CC      fs/fifo.o
  CC      arch/arm/mach-msm/ipc_router.o
  CC      kernel/posix-timers.o
  CC      mm/page_isolation.o
  CC      fs/dcache.o
  CC      mm/mm_init.o
  CC      mm/mmu_context.o
  CC      kernel/kthread.o
  CC      mm/percpu.o
  CC      kernel/wait.o
  CC      arch/arm/mach-msm/ipc_socket.o
  CC      kernel/kfifo.o
  CC      fs/inode.o
  CC      arch/arm/mach-msm/smd_rpc_sym.o
  CC      mm/compaction.o
  CC      kernel/sys_ni.o
  CC      kernel/posix-cpu-timers.o
  CC      arch/arm/mach-msm/lge/mako/board-mako.o
  CC      mm/fremap.o
  CC      fs/attr.o
  CC      arch/arm/mach-msm/lge/mako/board-mako-camera.o
  CC      kernel/mutex.o
  CC      mm/highmem.o
  CC      fs/bad_inode.o
  CC      arch/arm/mach-msm/lge/mako/board-mako-display.o
  CC      kernel/hrtimer.o
  CC      fs/file.o
  CC      mm/madvise.o
  CC      arch/arm/mach-msm/lge/mako/board-mako-gpiomux.o
  CC      fs/filesystems.o
  CC      mm/memory.o
  CC      arch/arm/mach-msm/lge/mako/board-mako-gpu.o
  CC      kernel/rwsem.o
  CC      arch/arm/mach-msm/lge/mako/board-mako-input.o
  CC      fs/namespace.o
  CC      kernel/nsproxy.o
  CC      arch/arm/mach-msm/lge/mako/board-mako-pmic.o
  CC      kernel/srcu.o
  CC      arch/arm/mach-msm/lge/mako/board-mako-regulator.o
  CC      kernel/semaphore.o
  CC      arch/arm/mach-msm/lge/mako/board-mako-misc.o
  CC      kernel/notifier.o
  CC      mm/mincore.o
  CC      arch/arm/mach-msm/lge/mako/board-mako-sound.o
  CC      kernel/ksysfs.o
  CC      fs/seq_file.o
  CC      kernel/cred.o
  CC      arch/arm/mach-msm/lge/mako/board-mako-storage.o
  CC      mm/mlock.o
  CC      arch/arm/mach-msm/lge/mako/board-mako-nfc.o
  CC      fs/xattr.o
  CC      kernel/async.o
  CC      arch/arm/mach-msm/lge/mako/board-mako-earjack-debugger.o
  CC      mm/mmap.o
  CC      kernel/range.o
  CC      kernel/groups.o
  LD      arch/arm/mach-msm/lge/mako/built-in.o
  CC      arch/arm/mach-msm/lge/devices_lge.o
  CC      fs/libfs.o
  CC      arch/arm/mach-msm/lge/lge_qfprom_access.o
  CC      kernel/events/core.o
  CC      arch/arm/mach-msm/lge/lge_qc_lcdc_luts.o
  CC      arch/arm/mach-msm/lge/lge_kcal_ctrl.o
  CC      mm/mprotect.o
  CC      fs/fs-writeback.o
  CC      arch/arm/mach-msm/lge/lge_panic_handler.o
  LD      arch/arm/mach-msm/lge/built-in.o
  CC      arch/arm/mach-msm/msm_bus/msm_bus_core.o
  CC      mm/mremap.o
  CC      arch/arm/mach-msm/msm_bus/msm_bus_fabric.o
  CC      fs/pnode.o
  CC      mm/msync.o
  CC      fs/drop_caches.o
  CC      mm/rmap.o
  CC      arch/arm/mach-msm/msm_bus/msm_bus_config.o
  CC      fs/splice.o
  CC      arch/arm/mach-msm/msm_bus/msm_bus_arb.o
  CC      arch/arm/mach-msm/msm_bus/msm_bus_bimc.o
  CC      mm/vmalloc.o
  CC      kernel/events/ring_buffer.o
  CC      fs/sync.o
  CC      arch/arm/mach-msm/msm_bus/msm_bus_noc.o
  CC      kernel/events/callchain.o
  CC      arch/arm/mach-msm/msm_bus/msm_bus_rpm.o
  CC      fs/utimes.o
  LD      kernel/events/built-in.o
  CC      kernel/irq/irqdesc.o
  CC      fs/stack.o
  CC      arch/arm/mach-msm/msm_bus/msm_bus_board_8960.o
  CC      fs/fs_struct.o
  CC      kernel/irq/handle.o
  CC      mm/pagewalk.o
  CC      arch/arm/mach-msm/msm_bus/msm_bus_board_8064.o
  CC      kernel/irq/manage.o
  CC      fs/statfs.o
  CC      mm/pgtable-generic.o
  CC      arch/arm/mach-msm/msm_bus/msm_bus_board_8930.o
  CC      mm/process_vm_access.o
  CC      fs/buffer.o
  CC      arch/arm/mach-msm/msm_bus/msm_bus_dbg.o
  CC      kernel/irq/spurious.o
  CC      mm/init-mm.o
  CC      kernel/irq/resend.o
  CC      mm/bootmem.o
  LD      arch/arm/mach-msm/msm_bus/built-in.o
  CC      kernel/irq/chip.o
  CC      arch/arm/mach-msm/qdsp6v2/apr.o
  CC      mm/memblock.o
  CC      kernel/irq/dummychip.o
  CC      arch/arm/mach-msm/qdsp6v2/apr_v1.o
  CC      kernel/irq/devres.o
  CC      arch/arm/mach-msm/qdsp6v2/apr_tal.o
  CC      kernel/irq/autoprobe.o
  CC      mm/bounce.o
  CC      arch/arm/mach-msm/qdsp6v2/q6core.o
  CC      fs/bio.o
  CC      kernel/irq/irqdomain.o
  CC      mm/dmapool.o
  CC      arch/arm/mach-msm/qdsp6v2/dsp_debug.o
  CC      kernel/irq/proc.o
  CC      arch/arm/mach-msm/qdsp6v2/audio_acdb.o
  CC      mm/sparse.o
  CC      kernel/irq/pm.o
  CC      fs/block_dev.o
  LD      kernel/irq/built-in.o
  CC      mm/slub.o
  CC      kernel/power/qos.o
  CC      arch/arm/mach-msm/qdsp6v2/aac_in.o
  CC      kernel/power/main.o
  CC      arch/arm/mach-msm/qdsp6v2/qcelp_in.o
  CC      fs/direct-io.o
  CC      arch/arm/mach-msm/qdsp6v2/evrc_in.o
  CC      kernel/power/console.o
  CC      kernel/power/process.o
  CC      arch/arm/mach-msm/qdsp6v2/amrnb_in.o
  CC      kernel/power/suspend.o
  CC      arch/arm/mach-msm/qdsp6v2/audio_utils.o
  CC      kernel/power/wakelock.o
  CC      arch/arm/mach-msm/qdsp6v2/audio_wma.o
  CC      arch/arm/mach-msm/qdsp6v2/audio_wmapro.o
  CC      fs/mpage.o
  CC      mm/migrate.o
  CC      arch/arm/mach-msm/qdsp6v2/audio_aac.o
  CC      kernel/power/userwakelock.o
  CC      arch/arm/mach-msm/qdsp6v2/audio_multi_aac.o
  CC      kernel/power/earlysuspend.o
  CC      fs/ioprio.o
  CC      arch/arm/mach-msm/qdsp6v2/audio_utils_aio.o
  CC      mm/cleancache.o
  CC      kernel/power/fbearlysuspend.o
  LD      mm/built-in.o
  CC      ipc/util.o
  CC      fs/proc_namespace.o
  CC      kernel/power/poweroff.o
  LD      kernel/power/built-in.o
  CC      kernel/sched/core.o
  CC      arch/arm/mach-msm/qdsp6v2/rtac.o
  CC      fs/cifs/cifsfs.o
  CC      ipc/msgutil.o
  CC      ipc/msg.o
  CC      arch/arm/mach-msm/qdsp6v2/q6audio_v1.o
  CC      fs/cifs/cifssmb.o
  CC      ipc/sem.o
  CC      arch/arm/mach-msm/qdsp6v2/q6audio_v1_aio.o
  CC      arch/arm/mach-msm/qdsp6v2/audio_mp3.o
  CC      arch/arm/mach-msm/qdsp6v2/audio_amrnb.o
  CC      arch/arm/mach-msm/qdsp6v2/audio_amrwb.o
  CC      ipc/shm.o
  CC      arch/arm/mach-msm/qdsp6v2/audio_evrc.o
  CC      arch/arm/mach-msm/qdsp6v2/audio_qcelp.o
  CC      ipc/ipcns_notifier.o
  CC      arch/arm/mach-msm/qdsp6v2/amrwb_in.o
  CC      ipc/syscall.o
  CC      kernel/sched/clock.o
  CC      arch/arm/mach-msm/qdsp6v2/ultrasound/q6usm.o
  CC      ipc/ipc_sysctl.o
  CC      kernel/sched/idle_task.o
  LD      ipc/built-in.o
  CC      kernel/sched/fair.o
  CC      security/commoncap.o
  CC      arch/arm/mach-msm/qdsp6v2/ultrasound/usf.o
  CC      security/min_addr.o
  CC      fs/cifs/cifs_debug.o
  LD      security/built-in.o
  CC      arch/arm/mach-msm/pm-boot.o
  CC      arch/arm/mach-msm/pm-8x60.o
  CC      arch/arm/mach-msm/qdsp6v2/ultrasound/usfcdev.o
  LD      arch/arm/mach-msm/qdsp6v2/ultrasound/built-in.o
  LD      arch/arm/mach-msm/qdsp6v2/built-in.o
  CC      fs/cifs/connect.o
  CC      arch/arm/mach-msm/pm-data.o
  CC      kernel/sched/rt.o
  CC      kernel/time/timekeeping.o
  CC      arch/arm/mach-msm/pm-stats.o
  CC      arch/arm/mach-msm/spm-v2.o
  CC      kernel/time/ntp.o
  CC      kernel/sched/stop_task.o
  CC      arch/arm/mach-msm/spm_devices.o
  CC      kernel/sched/cpupri.o
  CC      kernel/time/clocksource.o
  LD      kernel/sched/built-in.o
  CC      kernel/freezer.o
  CC      arch/arm/mach-msm/rpm-regulator.o
  CC      kernel/time/jiffies.o
  CC      fs/debugfs/inode.o
  CC      fs/cifs/dir.o
  CC      kernel/time/timer_list.o
  CC      kernel/time/timecompare.o
  CC      fs/debugfs/file.o
  CC      fs/cifs/file.o
  CC      kernel/time/timeconv.o
  CC      arch/arm/mach-msm/rpm-regulator-8960.o
  CC      kernel/time/posix-clock.o
  LD      fs/debugfs/debugfs.o
  LD      fs/debugfs/built-in.o
  CC      fs/devpts/inode.o
  CC      arch/arm/mach-msm/rpm-regulator-8930.o
  CC      arch/arm/mach-msm/subsystem_notif.o
  LD      fs/devpts/devpts.o
  LD      fs/devpts/built-in.o
  CC      fs/ext4/balloc.o
  CC      kernel/time/clockevents.o
  CC      arch/arm/mach-msm/subsystem_restart.o
  CC      kernel/time/tick-common.o
  CC      kernel/time/tick-broadcast.o
  CC      fs/ext4/bitmap.o
  CC      arch/arm/mach-msm/ramdump.o
  CC      fs/ext4/dir.o
  CC      kernel/time/tick-oneshot.o
  CC      arch/arm/mach-msm/sysmon.o
  CC      fs/cifs/inode.o
  CC      kernel/time/tick-sched.o
  CC      arch/arm/mach-msm/modem-8960.o
  CC      fs/ext4/file.o
  CC      arch/arm/mach-msm/lpass-8960.o
  CC      kernel/time/timer_stats.o
  CC      arch/arm/mach-msm/wcnss-ssr-8960.o
  CC      fs/ext4/fsync.o
  LD      kernel/time/built-in.o
  CC      kernel/stacktrace.o
  CC      arch/arm/mach-msm/gss-8064.o
  CC      fs/ext4/ialloc.o
  CC      kernel/futex.o
  CC      arch/arm/mach-msm/cpuidle.o
  CC      fs/cifs/link.o
  CC      arch/arm/mach-msm/msm_watchdog.o
  CC      arch/arm/mach-msm/clock-local.o
  CC      fs/cifs/misc.o
  CC      fs/ext4/inode.o
  CC      kernel/rtmutex.o
  CC      arch/arm/mach-msm/clock-dss-8960.o
  CC      arch/arm/mach-msm/clock-8960.o
  CC      fs/cifs/netmisc.o
  CC      kernel/smp.o
  CC      fs/cifs/smbencrypt.o
  CC      kernel/spinlock.o
  CC      arch/arm/mach-msm/clock-rpm.o
  CC      kernel/uid16.o
  CC      arch/arm/mach-msm/clock-pll.o
  CC      fs/cifs/transport.o
  CC      kernel/module.o
  CC      arch/arm/mach-msm/footswitch-8x60.o
  CC      fs/ext4/page-io.o
  CC      arch/arm/mach-msm/acpuclock-8960.o
  CC      fs/cifs/asn1.o
  CC      fs/ext4/ioctl.o
  CC      arch/arm/mach-msm/acpuclock-8960ab.o
  CC      arch/arm/mach-msm/memory_topology.o
  CC      fs/cifs/cifs_unicode.o
  CC      fs/ext4/namei.o
  CC      arch/arm/mach-msm/saw-regulator.o
  CC      kernel/cgroup.o
  CC      arch/arm/mach-msm/devices-8960.o
  CC      fs/cifs/nterr.o
  CC      fs/cifs/xattr.o
  CC      arch/arm/mach-msm/devices-8064.o
  CC      arch/arm/mach-msm/acpuclock-8064.o
  CC      fs/cifs/cifsencrypt.o
  CC      fs/ext4/super.o
  CC      arch/arm/mach-msm/bms-batterydata.o
  CC      arch/arm/mach-msm/bms-batterydata-desay.o
  CC      arch/arm/mach-msm/acpuclock-8930.o
  CC      arch/arm/mach-msm/acpuclock-8627.o
  CC      fs/cifs/readdir.o
  CC      arch/arm/mach-msm/acpuclock-8930aa.o
  CC      arch/arm/mach-msm/rpm.o
  CC      kernel/cgroup_freezer.o
  CC      fs/cifs/ioctl.o
  GZIP    kernel/config_data.gz
  CC      kernel/res_counter.o
  CC      arch/arm/mach-msm/rpm_resources.o
  CC      fs/cifs/sess.o
  CC      kernel/stop_machine.o
  CC      fs/ext4/symlink.o
  CC      kernel/rcutree.o
  CC      fs/ext4/hash.o
  CC      arch/arm/mach-msm/mpm.o
  CC      fs/cifs/export.o
  CC      arch/arm/mach-msm/rpm_stats.o
  CC      fs/ext4/resize.o
  LD      fs/cifs/cifs.o
  LD      fs/cifs/built-in.o
  CC      fs/fat/cache.o
  CC      arch/arm/mach-msm/rpm_log.o
  CC      fs/fat/dir.o
  CC      arch/arm/mach-msm/tz_log.o
  CC      kernel/utsname_sysctl.o
  CC      kernel/delayacct.o
  CC      arch/arm/mach-msm/msm_xo.o
  CC      kernel/taskstats.o
  CC      fs/ext4/extents.o
  CC      arch/arm/mach-msm/devices-iommu.o
  CC      arch/arm/mach-msm/iommu_domains.o
  CC      kernel/tsacct.o
  CC      fs/fat/fatent.o
  CC      kernel/elfcore.o
  CC      arch/arm/mach-msm/gpiomux-v2.o
  CC      kernel/irq_work.o
  CC      arch/arm/mach-msm/gpiomux.o
  CC      kernel/cpu_pm.o
  CC      arch/arm/mach-msm/msm_dcvs_scm.o
  CHK     kernel/config_data.h
  CC      kernel/configs.o
  CC      fs/fat/file.o
  LD      kernel/built-in.o
  CC      arch/arm/mach-msm/msm_dcvs.o
  CC      crypto/api.o
  CC      fs/fat/inode.o
  CC      fs/ext4/ext4_jbd2.o
  CC      arch/arm/mach-msm/msm_dcvs_idle.o
  CC      crypto/cipher.o
  CC      arch/arm/mach-msm/msm_rq_stats.o
  CC      fs/ext4/migrate.o
  CC      crypto/compress.o
  CC      arch/arm/mach-msm/msm_show_resume_irq.o
  CC      arch/arm/mach-msm/restart.o
  CC      crypto/algapi.o
  CC      fs/fat/misc.o
  CC      fs/ext4/mballoc.o
  CC      arch/arm/mach-msm/mdm2.o
  CC      fs/fat/namei_vfat.o
  CC      arch/arm/mach-msm/mdm_common.o
  CC      crypto/scatterwalk.o
  LD      fs/fat/fat.o
  LD      fs/fat/vfat.o
  LD      fs/fat/built-in.o
  CC      crypto/proc.o
  CC      fs/fuse/dev.o
  CC      arch/arm/mach-msm/cache_erp.o
  CC      crypto/ablkcipher.o
  CC      arch/arm/mach-msm/msm_cache_dump.o
  CC      arch/arm/mach-msm/hsic_sysmon.o
  LD      arch/arm/mach-msm/built-in.o
  CC      block/elevator.o
  CC      crypto/blkcipher.o
  CC      fs/fuse/dir.o
  CC      fs/ext4/block_validity.o
  CC      fs/ext4/move_extent.o
  CC      crypto/ahash.o
  CC      block/blk-core.o
  CC      fs/fuse/file.o
  CC      crypto/shash.o
  CC      fs/ext4/mmp.o
  CC      fs/ext4/indirect.o
  CC      crypto/algboss.o
  CC      block/blk-tag.o
  CC      fs/fuse/inode.o
  CC      crypto/testmgr.o
  CC      block/blk-sysfs.o
  CC      crypto/crypto_wq.o
  CC      fs/ext4/xattr.o
  CC      block/blk-flush.o
  LD      crypto/crypto_algapi.o
  CC      fs/fuse/control.o
  CC      crypto/aead.o
  LD      fs/fuse/fuse.o
  LD      fs/fuse/built-in.o
  CC      fs/jbd2/transaction.o
  CC      block/blk-settings.o
  CC      fs/ext4/xattr_user.o
  LD      crypto/crypto_blkcipher.o
  CC      crypto/chainiv.o
  CC      fs/ext4/xattr_trusted.o
  CC      block/blk-ioc.o
  CC      crypto/eseqiv.o
  LD      fs/ext4/ext4.o
  LD      fs/ext4/built-in.o
  CC      fs/nls/nls_base.o
  CC      fs/jbd2/commit.o
  LD      crypto/crypto_hash.o
  CC      crypto/pcompress.o
  CC      block/blk-map.o
  CC      fs/nls/nls_cp437.o
  CC      fs/nls/nls_ascii.o
  LD      crypto/cryptomgr.o
  CC      crypto/hmac.o
  CC      fs/nls/nls_iso8859-1.o
  CC      block/blk-exec.o
  CC      fs/jbd2/recovery.o
  CC      fs/nls/nls_utf8.o
  LD      fs/nls/built-in.o
  CC      fs/notify/fsnotify.o
  CC      crypto/md4.o
  CC      block/blk-merge.o
  CC      fs/jbd2/checkpoint.o
  CC      crypto/md5.o
  CC      fs/notify/notification.o
  CC      crypto/sha1_generic.o
  CC      fs/jbd2/revoke.o
  CC      fs/notify/group.o
  CC      block/blk-softirq.o
  CC      fs/notify/inode_mark.o
  CC      crypto/sha256_generic.o
  CC      fs/jbd2/journal.o
  CC      block/blk-timeout.o
  CC      fs/notify/mark.o
  CC      fs/notify/vfsmount_mark.o
  CC      crypto/ecb.o
  CC      block/blk-iopoll.o
  CC      fs/notify/dnotify/dnotify.o
  CC      crypto/cbc.o
  CC      block/blk-lib.o
  LD      fs/notify/dnotify/built-in.o
  CC      fs/notify/inotify/inotify_fsnotify.o
  CC      crypto/des_generic.o
  CC      fs/notify/inotify/inotify_user.o
  LD      fs/jbd2/jbd2.o
  CC      block/ioctl.o
  LD      fs/jbd2/built-in.o
  CC      fs/proc/mmu.o
  CC      fs/proc/task_mmu.o
  LD      fs/notify/inotify/built-in.o
  LD      fs/notify/built-in.o
  CC      fs/ramfs/inode.o
  CC      block/genhd.o
  CC      fs/ramfs/file-mmu.o
  CC      crypto/twofish_generic.o
  LD      fs/ramfs/ramfs.o
  LD      fs/ramfs/built-in.o
  CC      fs/sysfs/inode.o
  CC      fs/proc/inode.o
  CC      fs/sysfs/file.o
  CC      fs/proc/root.o
  CC      block/scsi_ioctl.o
  CC      fs/proc/base.o
  CC      fs/sysfs/dir.o
  CC      crypto/twofish_common.o
  CC      block/partition-generic.o
  CC      fs/sysfs/symlink.o
  CC      fs/sysfs/mount.o
  CC      crypto/aes_generic.o
  CC      fs/proc/generic.o
  CC      block/partitions/check.o
  CC      fs/sysfs/bin.o
  CC      block/partitions/msdos.o
  CC      fs/sysfs/group.o
  CC      fs/proc/array.o
  CC      block/partitions/efi.o
  LD      fs/sysfs/built-in.o
  CC      fs/eventpoll.o
  CC      fs/proc/proc_tty.o
  CC      fs/proc/cmdline.o
  LD      block/partitions/built-in.o
  CC      block/bsg.o
  CC      fs/proc/consoles.o
  CC      drivers/base/core.o
  CC      crypto/arc4.o
  CC      fs/proc/cpuinfo.o
  CC      crypto/deflate.o
  CC      fs/proc/devices.o
  CC      fs/proc/interrupts.o
  CC      crypto/crc32c.o
  CC      block/noop-iosched.o
  CC      fs/proc/loadavg.o
  CC      crypto/authenc.o
  CC      block/deadline-iosched.o
  CC      fs/proc/meminfo.o
  CC      drivers/base/bus.o
  CC      fs/proc/stat.o
  CC      block/cfq-iosched.o
  CC      crypto/authencesn.o
  CC      fs/proc/uptime.o
  CC      drivers/base/dd.o
  CC      fs/proc/version.o
  CC      drivers/base/syscore.o
  CC      fs/proc/softirqs.o
  CC      crypto/rng.o
  CC      drivers/base/driver.o
  CC      fs/proc/namespaces.o
  CC      crypto/krng.o
  CC      drivers/base/class.o
  CC      fs/proc/proc_sysctl.o
  CC [M]  block/test-iosched.o
  LD      crypto/crypto.o
  LD      crypto/built-in.o
  CC      sound/sound_core.o
  CC      drivers/base/platform.o
  CC      sound/core/hwdep.o
  LD      block/built-in.o
  CC      net/socket.o
  CC      fs/proc/proc_net.o
  CC      sound/core/memalloc.o
  CC      drivers/base/cpu.o
  CC      drivers/base/firmware.o
  CC      fs/proc/kmsg.o
  CC      sound/core/pcm.o
  CC      drivers/base/init.o
  CC      fs/proc/page.o
  CC      drivers/base/map.o
  CC      drivers/base/devres.o
  LD      fs/proc/proc.o
  LD      fs/proc/built-in.o
  CC      fs/anon_inodes.o
  CC      sound/core/pcm_native.o
  CC      drivers/base/attribute_container.o
  CC      fs/signalfd.o
  CC      net/bluetooth/af_bluetooth.o
  CC      drivers/base/transport_class.o
  CC      fs/timerfd.o
  CC      drivers/base/topology.o
  CC      drivers/base/sys.o
  CC      fs/eventfd.o
  CC      net/bluetooth/hci_core.o
  CC      drivers/base/power/sysfs.o
  CC      fs/aio.o
  CC      drivers/base/power/generic_ops.o
  CC      drivers/base/power/common.o
  CC      sound/core/pcm_lib.o
  CC      drivers/base/power/qos.o
  CC      drivers/base/power/main.o
  CC      fs/locks.o
  CC      net/bluetooth/hci_conn.o
  CC      drivers/base/power/wakeup.o
  CC      sound/core/pcm_timer.o
  CC      sound/core/pcm_misc.o
  CC      drivers/base/power/runtime.o
  CC      fs/binfmt_script.o
  CC      net/bluetooth/hci_event.o
  CC      fs/binfmt_elf.o
  CC      sound/core/pcm_memory.o
  CC      drivers/base/power/clock_ops.o
  CC      sound/core/rawmidi.o
  LD      drivers/base/power/built-in.o
  CC      drivers/base/regmap/regmap.o
  CC      fs/mbcache.o
  CC      drivers/base/regmap/regcache.o
  CC      sound/core/timer.o
  CC      drivers/base/regmap/regcache-rbtree.o
  LD      fs/built-in.o
  AS      arch/arm/lib/copy_page.o
  AS      arch/arm/lib/csumpartialcopyuser.o
  CC      arch/arm/lib/delay.o
  CC      drivers/base/regmap/regcache-lzo.o
  AR      arch/arm/lib/lib.a
  CC      lib/bcd.o
  CC      lib/div64.o
  CC      drivers/base/regmap/regmap-debugfs.o
  CC      lib/sort.o
  CC      drivers/base/regmap/regmap-i2c.o
  CC      lib/parser.o
  CC      sound/core/sound.o
  CC      net/bluetooth/mgmt.o
  CC      lib/halfmd4.o
  CC      drivers/base/regmap/regmap-spi.o
  CC      lib/debug_locks.o
  CC      lib/random32.o
  CC      sound/core/init.o
  LD      drivers/base/regmap/built-in.o
  CC      drivers/base/dma-mapping.o
  CC      lib/bust_spinlocks.o
  CC      drivers/base/dma-coherent.o
  CC      lib/hexdump.o
  CC      lib/kasprintf.o
  CC      sound/core/memory.o
  CC      drivers/base/dma-buf.o
  CC      lib/bitmap.o
  CC      sound/core/info.o
  CC      drivers/base/genlock.o
  CC      net/bluetooth/hci_sock.o
  CC      lib/scatterlist.o
  CC      sound/core/control.o
  CC      drivers/base/firmware_class.o
  CC      net/bluetooth/hci_sysfs.o
  CC      lib/string_helpers.o
  CC      lib/gcd.o
  CC      lib/lcm.o
  CC      drivers/base/module.o
  CC      lib/list_sort.o
  CC      drivers/base/sync.o
  CC      lib/uuid.o
  CC      sound/core/misc.o
  CC      net/bluetooth/l2cap_core.o
  CC      lib/flex_array.o
  CC      sound/core/device.o
  CC      lib/bsearch.o
  CC      lib/find_last_bit.o
  CC      drivers/base/sw_sync.o
  CC      lib/find_next_bit.o
  CC      sound/core/jack.o
  CC      lib/llist.o
  CC      lib/kstrtox.o
  LD      drivers/base/built-in.o
  CC      drivers/block/brd.o
  LD      sound/core/snd.o
  LD      sound/core/snd-hwdep.o
  LD      sound/core/snd-timer.o
  LD      sound/core/snd-pcm.o
  LD      sound/core/snd-page-alloc.o
  LD      sound/core/snd-rawmidi.o
  LD      sound/core/built-in.o
  CC      lib/pci_iomap.o
  CC      lib/iomap_copy.o
  CC      lib/devres.o
  CC      sound/soc/soc-core.o
  CC      drivers/block/loop.o
  CC      lib/hweight.o
  CC      lib/bitrev.o
  CC      lib/crc-ccitt.o
  CC      lib/crc16.o
  HOSTCC  lib/gen_crc32table
  CC      lib/libcrc32c.o
  LD      drivers/block/built-in.o
  CC      drivers/char/mem.o
  CC      lib/genalloc.o
  CC      lib/lzo/lzo1x_compress.o
  CC      drivers/char/random.o
  CC      sound/soc/soc-dapm.o
  CC      lib/lzo/lzo1x_decompress.o
  CC      net/bluetooth/l2cap_sock.o
  CC      drivers/char/misc.o
  LD      lib/lzo/lzo_compress.o
  LD      lib/lzo/lzo_decompress.o
  LD      lib/lzo/built-in.o
  CC      lib/reed_solomon/reed_solomon.o
  CC      drivers/char/diag/diagchar_core.o
  CC      net/bluetooth/smp.o
  LD      lib/reed_solomon/built-in.o
  CC      lib/zlib_deflate/deflate.o
  CC      sound/soc/soc-jack.o
  CC      lib/zlib_deflate/deftree.o
  CC      drivers/char/diag/diagchar_hdlc.o
  CC      net/bluetooth/sco.o
  CC      sound/soc/soc-cache.o
  CC      drivers/char/diag/diagfwd.o
  CC      sound/soc/soc-utils.o
  CC      net/bluetooth/lib.o
  CC      lib/zlib_deflate/deflate_syms.o
  LD      lib/zlib_deflate/zlib_deflate.o
  LD      lib/zlib_deflate/built-in.o
  CC      lib/zlib_inflate/inffast.o
  CC      sound/soc/soc-pcm.o
  CC      net/bluetooth/amp.o
  CC      lib/zlib_inflate/inflate.o
  CC      drivers/char/diag/diagmem.o
  CC      lib/zlib_inflate/infutil.o
  CC      sound/soc/soc-io.o
  CC      lib/zlib_inflate/inftrees.o
  CC      drivers/char/diag/diagfwd_cntl.o
  CC      net/bluetooth/bnep/core.o
  CC      lib/zlib_inflate/inflate_syms.o
  CC      sound/soc/codecs/msm_stub.o
  LD      lib/zlib_inflate/zlib_inflate.o
  LD      lib/zlib_inflate/built-in.o
  CC      lib/textsearch.o
  CC      drivers/char/diag/diag_dci.o
  CC      sound/soc/codecs/wcd9304.o
  CC      lib/ts_kmp.o
  CC      net/bluetooth/bnep/sock.o
  CC      lib/ts_bm.o
  CC      net/bluetooth/bnep/netdev.o
  CC      lib/ts_fsm.o
  CC      drivers/char/diag/diagfwd_hsic.o
  CC      lib/percpu_counter.o
  LD      net/bluetooth/bnep/bnep.o
  LD      net/bluetooth/bnep/built-in.o
  CC      net/bluetooth/hidp/core.o
  CC      drivers/char/diag/diagfwd_smux.o
  CC      lib/nlattr.o
  LD      drivers/char/diag/diagchar.o
  LD      drivers/char/diag/built-in.o
  CC      drivers/char/hw_random/core.o
  CC      drivers/char/hw_random/msm_rng.o
  CC      lib/cpu_rmap.o
  CC      sound/soc/codecs/wcd9304-tables.o
  CC      net/bluetooth/hidp/sock.o
  LD      drivers/char/hw_random/rng-core.o
  LD      drivers/char/hw_random/built-in.o
  CC      drivers/char/msm_rotator.o
  CC      lib/dynamic_queue_limits.o
  CC      sound/soc/codecs/wcd9310.o
  LD      net/bluetooth/hidp/hidp.o
  CC      lib/argv_split.o
  LD      net/bluetooth/hidp/built-in.o
  CC      net/bluetooth/rfcomm/core.o
  CC      lib/bug.o
  CC      lib/cmdline.o
  CC      lib/cpumask.o
  CC      lib/ctype.o
  CC      lib/dec_and_lock.o
  LD      drivers/char/built-in.o
  CC      drivers/clk/clkdev.o
  CC      lib/decompress.o
  CC      lib/decompress_inflate.o
  LD      drivers/clk/built-in.o
  CC      lib/dump_stack.o
  CC      drivers/connector/cn_queue.o
  CC      lib/extable.o
  CC      net/bluetooth/rfcomm/sock.o
  CC      lib/idr.o
  CC      drivers/connector/connector.o
  CC      lib/int_sqrt.o
  CC      lib/ioremap.o
  CC      net/bluetooth/rfcomm/tty.o
  CC      drivers/connector/cn_proc.o
  CC      lib/irq_regs.o
  CC      lib/is_single_threaded.o
  CC      sound/soc/codecs/wcd9310-tables.o
  CC      lib/klist.o
  CC      sound/soc/codecs/tpa2028d.o
  LD      drivers/connector/cn.o
  LD      drivers/connector/built-in.o
  CC      drivers/cpufreq/cpufreq.o
  LD      net/bluetooth/rfcomm/rfcomm.o
  LD      net/bluetooth/rfcomm/built-in.o
  LD      net/bluetooth/bluetooth.o
  LD      net/bluetooth/built-in.o
  CC      lib/kobject.o
  CC      net/core/sock.o
  LD      sound/soc/codecs/snd-soc-wcd9304.o
  LD      sound/soc/codecs/snd-soc-wcd9310.o
  LD      sound/soc/codecs/snd-soc-msm-stub.o
  LD      sound/soc/codecs/built-in.o
  CC      sound/soc/msm/qdsp6/q6asm.o
  CC      lib/kobject_uevent.o
  CC      drivers/cpufreq/cpufreq_stats.o
  CC      drivers/cpufreq/cpufreq_performance.o
  CC      lib/md5.o
  CC      drivers/cpufreq/cpufreq_powersave.o
  CC      lib/memory_alloc.o
  CC      drivers/cpufreq/cpufreq_userspace.o
  CC      drivers/cpufreq/cpufreq_ondemand.o
  CC      net/core/request_sock.o
  CC      lib/plist.o
  CC      lib/prio_heap.o
  CC      lib/prio_tree.o
  CC      sound/soc/msm/qdsp6/q6adm.o
  CC      net/core/skbuff.o
  CC      drivers/cpufreq/cpufreq_conservative.o
  CC      lib/proportions.o
  CC      lib/radix-tree.o
  CC      drivers/cpufreq/cpufreq_interactive.o
  CC      sound/soc/msm/qdsp6/q6afe.o
  CC      drivers/cpufreq/freq_table.o
  CC      lib/ratelimit.o
  CC      lib/rbtree.o
  CC      drivers/cpufreq/cpufreq_gov_msm.o
  CC      lib/reciprocal_div.o
  LD      drivers/cpufreq/built-in.o
  CC      sound/soc/msm/qdsp6/q6voice.o
  CC      lib/rwsem-spinlock.o
  CC      drivers/cpuidle/cpuidle.o
  CC      lib/sha1.o
  CC      drivers/cpuidle/driver.o
  CC      net/core/iovec.o
  CC      drivers/cpuidle/governor.o
  CC      lib/show_mem.o
  CC      drivers/cpuidle/sysfs.o
  CC      lib/string.o
  CC      drivers/cpuidle/governors/ladder.o
  CC      net/core/datagram.o
  CC      drivers/cpuidle/governors/menu.o
  CC      lib/timerqueue.o
  CC      lib/vsprintf.o
  LD      sound/soc/msm/qdsp6/built-in.o
  CC      sound/soc/msm/msm-dai-q6-hdmi.o
  LD      drivers/cpuidle/governors/built-in.o
  LD      drivers/cpuidle/built-in.o
  CC      drivers/gpio/gpiolib.o
  CC      sound/soc/msm/msm-pcm-voice.o
  CC      net/core/stream.o
  CC      sound/soc/msm/msm-pcm-voip.o
  CC      drivers/gpio/devres.o
  CC      net/core/scm.o
  CC      drivers/gpio/gpio-msm-common.o
  GEN     lib/crc32table.h
  AR      lib/lib.a
  CC      lib/crc32.o
  CC      sound/soc/msm/msm-pcm-hostless.o
  CC      drivers/gpio/gpio-msm-v2.o
  CC      net/core/gen_stats.o
  CC      sound/soc/msm/msm8960.o
  CC      drivers/gpio/pm8xxx-gpio.o
  LD      lib/built-in.o
  CC      net/ethernet/eth.o
  CC      net/core/gen_estimator.o
  CC      drivers/gpio/pm8xxx-mpp.o
  CC      sound/soc/msm/apq8064.o
  LD      net/ethernet/built-in.o
  LD      drivers/gpio/built-in.o
  CC      drivers/gpu/ion/ion.o
  CC      net/ipv4/route.o
  CC      net/core/net_namespace.o
  CC      sound/soc/msm/msm8930.o
  CC      net/core/secure_seq.o
  CC      sound/soc/msm/mpq8064.o
  CC      net/core/flow_dissector.o
  CC      drivers/gpu/ion/ion_heap.o
  CC      drivers/gpu/ion/ion_system_heap.o
  CC      net/core/sysctl_net_core.o
  CC      sound/soc/msm/msm-dai-q6.o
  CC      drivers/gpu/ion/ion_carveout_heap.o
  CC      drivers/gpu/ion/ion_iommu_heap.o
  CC      net/ipv4/inetpeer.o
  CC      net/core/dev.o
  CC      drivers/gpu/ion/ion_cp_heap.o
  CC      sound/soc/msm/msm-pcm-q6.o
  CC      net/ipv4/protocol.o
  CC      drivers/gpu/ion/msm/msm_ion.o
  CC      sound/soc/msm/msm-multi-ch-pcm-q6.o
  CC      drivers/gpu/ion/msm/ion_cp_common.o
  LD      drivers/gpu/ion/msm/built-in.o
  LD      drivers/gpu/ion/built-in.o
  CC      net/ipv4/ip_input.o
  CC      drivers/gpu/msm/adreno_ringbuffer.o
  CC      sound/soc/msm/msm-lowlatency-pcm-q6.o
  CC      sound/soc/msm/msm-pcm-routing.o
  CC      net/ipv4/ip_fragment.o
  CC      drivers/gpu/msm/adreno_drawctxt.o
  CC      drivers/gpu/msm/adreno_postmortem.o
  CC      sound/soc/msm/msm-dai-fe.o
  CC      net/ipv4/ip_forward.o
  CC      sound/soc/msm/msm-compr-q6.o
  CC      net/core/ethtool.o
  CC      drivers/gpu/msm/adreno_snapshot.o
  CC      net/ipv4/ip_options.o
  CC      sound/soc/msm/msm-dai-stub.o
  CC      drivers/gpu/msm/adreno_a2xx.o
  CC      sound/soc/msm/msm-pcm-lpa.o
  CC      net/ipv4/ip_output.o
  CC      net/core/dev_addr_lists.o
  CC      sound/soc/msm/msm-pcm-afe.o
  CC      drivers/gpu/msm/adreno_a2xx_trace.o
  LD      sound/soc/msm/snd-soc-qdsp6.o
  CC      drivers/gpu/msm/adreno_a2xx_snapshot.o
  LD      sound/soc/msm/snd-soc-msm8960.o
  LD      sound/soc/msm/snd-soc-hostless-pcm.o
  LD      sound/soc/msm/built-in.o
  LD      sound/soc/snd-soc-core.o
  LD      sound/soc/built-in.o
  CC      net/core/dst.o
  CC      sound/usb/card.o
  CC      drivers/gpu/msm/adreno_a3xx.o
  CC      net/ipv4/ip_sockglue.o
  CC      net/core/netevent.o
  CC      sound/usb/clock.o
  CC      sound/usb/endpoint.o
  CC      net/core/neighbour.o
  CC      sound/usb/format.o
  CC      net/ipv4/inet_hashtables.o
  CC      drivers/gpu/msm/adreno_a3xx_trace.o
  CC      drivers/gpu/msm/adreno_a3xx_snapshot.o
  CC      sound/usb/helper.o
  CC      sound/usb/mixer.o
  CC      drivers/gpu/msm/adreno.o
  CC      net/ipv4/inet_timewait_sock.o
  CC      net/core/rtnetlink.o
  CC      net/ipv4/inet_connection_sock.o
  CC      drivers/gpu/msm/adreno_debugfs.o
  CC      sound/usb/mixer_quirks.o
  CC      drivers/gpu/msm/kgsl.o
  CC      sound/usb/pcm.o
  CC      net/ipv4/tcp.o
  CC      net/core/utils.o
  CC      sound/usb/proc.o
  CC      net/core/link_watch.o
  CC      sound/usb/quirks.o
  CC      drivers/gpu/msm/kgsl_trace.o
  CC      drivers/gpu/msm/kgsl_sharedmem.o
  CC      sound/usb/stream.o
  CC      net/core/filter.o
  CC      sound/usb/midi.o
  CC      drivers/gpu/msm/kgsl_pwrctrl.o
  CC      net/core/sock_diag.o
  CC      net/ipv4/tcp_input.o
  CC      drivers/gpu/msm/kgsl_pwrscale.o
  CC      net/core/flow.o
  CC      drivers/gpu/msm/kgsl_mmu.o
  LD      sound/usb/snd-usb-audio.o
  LD      sound/usb/snd-usbmidi-lib.o
  LD      sound/usb/built-in.o
  CC      sound/last.o
  CC      net/core/net-sysfs.o
  LD      sound/soundcore.o
  LD      sound/built-in.o
  CC      drivers/hid/hid-debug.o
  CC      drivers/gpu/msm/kgsl_gpummu.o
  CC      drivers/hid/hid-core.o
  CC      drivers/gpu/msm/kgsl_iommu.o
  CC      net/core/fib_rules.o
  CC      drivers/gpu/msm/kgsl_snapshot.o
  CC      drivers/hid/hid-input.o
  CC      net/ipv4/tcp_output.o
  LD      net/core/built-in.o
  CC      net/ipv6/af_inet6.o
  CC      drivers/gpu/msm/kgsl_debugfs.o
  CC      drivers/gpu/msm/kgsl_pwrscale_trustzone.o
  CC      drivers/gpu/msm/kgsl_pwrscale_msm.o
  CC      net/ipv6/anycast.o
  CC      drivers/hid/uhid.o
  CC      drivers/gpu/msm/kgsl_sync.o
  CC      net/ipv4/tcp_timer.o
  CC      drivers/gpu/msm/z180.o
  CC      drivers/hid/hid-apple.o
  CC      net/ipv6/ip6_output.o
  CC      drivers/hid/hid-magicmouse.o
  CC      drivers/gpu/msm/z180_postmortem.o
  CC      net/ipv4/tcp_ipv4.o
  CC      drivers/gpu/msm/z180_trace.o
  CC      drivers/hid/hid-microsoft.o
  LD      drivers/gpu/msm/msm_kgsl_core.o
  LD      drivers/gpu/msm/msm_adreno.o
  LD      drivers/gpu/msm/msm_z180.o
  LD      drivers/gpu/msm/built-in.o
  LD      drivers/gpu/built-in.o
  CC      drivers/hwmon/hwmon.o
  CC      drivers/hid/usbhid/hid-core.o
  CC      drivers/hwmon/pm8xxx-adc.o

`/root/android/AK-mako/block/test-iosched.ko' -> `/root/android/AK-mako-ramdisk/cwm/system/lib/modules/test-iosched.ko'

`/root/android/AK-mako/arch/arm/boot/zImage' -> `./zImage'

  adding: boot.img (deflated 0%)
  adding: data/ (stored 0%)
  adding: data/ak/ (stored 0%)
  adding: data/ak/create_bugreport_delayed.sh (deflated 60%)
  adding: data/ak/create_bugreport.sh (deflated 60%)
  adding: META-INF/ (stored 0%)
  adding: META-INF/com/ (stored 0%)
  adding: META-INF/com/google/ (stored 0%)
  adding: META-INF/com/google/android/ (stored 0%)
  adding: META-INF/com/google/android/updater-script (deflated 63%)
  adding: META-INF/com/google/android/update-binary (deflated 34%)
  adding: system/ (stored 0%)
  adding: system/lib/ (stored 0%)
  adding: system/lib/modules/ (stored 0%)
  adding: system/lib/modules/test-iosched.ko (deflated 64%)
`/root/android/AK-mako-ramdisk/zip/AK.001.zip' -> `/home/anarkia1976/Desktop/AK-Kernel/AK.001.zip'

Build completed in 15 minute(s) and 24 seconds.
